<?xml version="1.0" encoding="UTF-8"?>
<testng-results skipped="0" failed="0" ignored="0" total="1" passed="1">
  <reporter-output>
  </reporter-output>
  <suite name="Default suite" duration-ms="2207" started-at="2020-07-07T21:26:36 IST" finished-at="2020-07-07T21:26:38 IST">
    <groups>
    </groups>
    <test name="Default test" duration-ms="2207" started-at="2020-07-07T21:26:36 IST" finished-at="2020-07-07T21:26:38 IST">
      <class name="jira.Jira">
        <test-method status="PASS" signature="test()[pri:0, instance:jira.Jira@3cef309d]" name="test" duration-ms="2180" started-at="2020-07-07T21:26:36 IST" finished-at="2020-07-07T21:26:38 IST">
          <reporter-output>
          </reporter-output>
        </test-method> <!-- test -->
      </class> <!-- jira.Jira -->
    </test> <!-- Default test -->
  </suite> <!-- Default suite -->
</testng-results>
